[2020-08-03T13:01:34.900] [ERROR] error - TypeError: Do not know how to serialize a BigInt
    at JSON.stringify (<anonymous>)
    at stringify (C:\Users\Geri Hu\Desktop\Revature\p2\Insta-Bytes\backends\post-service\node_modules\express\lib\response.js:1123:12)
    at ServerResponse.json (C:\Users\Geri Hu\Desktop\Revature\p2\Insta-Bytes\backends\post-service\node_modules\express\lib\response.js:260:14)
    at C:\Users\Geri Hu\Desktop\Revature\p2\Insta-Bytes\backends\post-service\src\routers\post-router.ts:77:21
    at step (C:\Users\Geri Hu\Desktop\Revature\p2\Insta-Bytes\backends\post-service\src\routers\post-router.ts:33:23)
    at Object.next (C:\Users\Geri Hu\Desktop\Revature\p2\Insta-Bytes\backends\post-service\src\routers\post-router.ts:14:53)
    at fulfilled (C:\Users\Geri Hu\Desktop\Revature\p2\Insta-Bytes\backends\post-service\src\routers\post-router.ts:5:58)
    at processTicksAndRejections (internal/process/task_queues.js:97:5)
[2020-08-03T13:05:06.591] [ERROR] error - TypeError: Do not know how to serialize a BigInt
    at JSON.stringify (<anonymous>)
    at stringify (C:\Users\Geri Hu\Desktop\Revature\p2\Insta-Bytes\backends\post-service\node_modules\express\lib\response.js:1123:12)
    at ServerResponse.json (C:\Users\Geri Hu\Desktop\Revature\p2\Insta-Bytes\backends\post-service\node_modules\express\lib\response.js:260:14)
    at C:\Users\Geri Hu\Desktop\Revature\p2\Insta-Bytes\backends\post-service\src\routers\post-router.ts:77:21
    at step (C:\Users\Geri Hu\Desktop\Revature\p2\Insta-Bytes\backends\post-service\src\routers\post-router.ts:33:23)
    at Object.next (C:\Users\Geri Hu\Desktop\Revature\p2\Insta-Bytes\backends\post-service\src\routers\post-router.ts:14:53)
    at fulfilled (C:\Users\Geri Hu\Desktop\Revature\p2\Insta-Bytes\backends\post-service\src\routers\post-router.ts:5:58)
    at processTicksAndRejections (internal/process/task_queues.js:97:5)
[2020-08-03T15:31:14.369] [ERROR] error - TypeError: Do not know how to serialize a BigInt
    at JSON.stringify (<anonymous>)
    at stringify (C:\Users\Geri Hu\Desktop\Revature\p2\Insta-Bytes\backends\post-service\node_modules\express\lib\response.js:1123:12)
    at ServerResponse.json (C:\Users\Geri Hu\Desktop\Revature\p2\Insta-Bytes\backends\post-service\node_modules\express\lib\response.js:260:14)
    at C:\Users\Geri Hu\Desktop\Revature\p2\Insta-Bytes\backends\post-service\src\routers\post-router.ts:77:21
    at step (C:\Users\Geri Hu\Desktop\Revature\p2\Insta-Bytes\backends\post-service\src\routers\post-router.ts:33:23)
    at Object.next (C:\Users\Geri Hu\Desktop\Revature\p2\Insta-Bytes\backends\post-service\src\routers\post-router.ts:14:53)
    at fulfilled (C:\Users\Geri Hu\Desktop\Revature\p2\Insta-Bytes\backends\post-service\src\routers\post-router.ts:5:58)
    at processTicksAndRejections (internal/process/task_queues.js:97:5)
[2020-08-03T15:58:46.874] [ERROR] error - TypeError: Do not know how to serialize a BigInt
    at JSON.stringify (<anonymous>)
    at stringify (C:\Users\Geri Hu\Desktop\Revature\p2\Insta-Bytes\backends\post-service\node_modules\express\lib\response.js:1123:12)
    at ServerResponse.json (C:\Users\Geri Hu\Desktop\Revature\p2\Insta-Bytes\backends\post-service\node_modules\express\lib\response.js:260:14)
    at C:\Users\Geri Hu\Desktop\Revature\p2\Insta-Bytes\backends\post-service\src\routers\post-router.ts:77:21
    at step (C:\Users\Geri Hu\Desktop\Revature\p2\Insta-Bytes\backends\post-service\src\routers\post-router.ts:33:23)
    at Object.next (C:\Users\Geri Hu\Desktop\Revature\p2\Insta-Bytes\backends\post-service\src\routers\post-router.ts:14:53)
    at fulfilled (C:\Users\Geri Hu\Desktop\Revature\p2\Insta-Bytes\backends\post-service\src\routers\post-router.ts:5:58)
    at processTicksAndRejections (internal/process/task_queues.js:97:5)
[2020-08-03T17:34:39.788] [ERROR] error - TypeError: Do not know how to serialize a BigInt
    at JSON.stringify (<anonymous>)
    at stringify (C:\Users\Geri Hu\Desktop\Revature\p2\Insta-Bytes\backends\post-service\node_modules\express\lib\response.js:1123:12)
    at ServerResponse.json (C:\Users\Geri Hu\Desktop\Revature\p2\Insta-Bytes\backends\post-service\node_modules\express\lib\response.js:260:14)
    at C:\Users\Geri Hu\Desktop\Revature\p2\Insta-Bytes\backends\post-service\src\routers\post-router.ts:77:21
    at step (C:\Users\Geri Hu\Desktop\Revature\p2\Insta-Bytes\backends\post-service\src\routers\post-router.ts:33:23)
    at Object.next (C:\Users\Geri Hu\Desktop\Revature\p2\Insta-Bytes\backends\post-service\src\routers\post-router.ts:14:53)
    at fulfilled (C:\Users\Geri Hu\Desktop\Revature\p2\Insta-Bytes\backends\post-service\src\routers\post-router.ts:5:58)
    at processTicksAndRejections (internal/process/task_queues.js:97:5)
[2020-08-04T11:00:19.534] [ERROR] error - TypeError: Do not know how to serialize a BigInt
    at JSON.stringify (<anonymous>)
    at stringify (C:\Users\Geri Hu\Desktop\Revature\p2\Insta-Bytes\backends\post-service\node_modules\express\lib\response.js:1123:12)
    at ServerResponse.json (C:\Users\Geri Hu\Desktop\Revature\p2\Insta-Bytes\backends\post-service\node_modules\express\lib\response.js:260:14)
    at C:\Users\Geri Hu\Desktop\Revature\p2\Insta-Bytes\backends\post-service\src\routers\post-router.ts:77:21
    at step (C:\Users\Geri Hu\Desktop\Revature\p2\Insta-Bytes\backends\post-service\src\routers\post-router.ts:33:23)
    at Object.next (C:\Users\Geri Hu\Desktop\Revature\p2\Insta-Bytes\backends\post-service\src\routers\post-router.ts:14:53)
    at fulfilled (C:\Users\Geri Hu\Desktop\Revature\p2\Insta-Bytes\backends\post-service\src\routers\post-router.ts:5:58)
    at processTicksAndRejections (internal/process/task_queues.js:97:5)
