[2020-08-01T13:08:44.236] [ERROR] error - TokenExpiredError: jwt expired
    at C:\Users\Geri Hu\Desktop\Revature\p2\Insta-Bytes\backends\user-service\node_modules\jsonwebtoken\verify.js:152:21
    at getSecret (C:\Users\Geri Hu\Desktop\Revature\p2\Insta-Bytes\backends\user-service\node_modules\jsonwebtoken\verify.js:90:14)
    at Object.module.exports [as verify] (C:\Users\Geri Hu\Desktop\Revature\p2\Insta-Bytes\backends\user-service\node_modules\jsonwebtoken\verify.js:94:10)
    at exports.JWTVerifyMiddleware (C:\Users\Geri Hu\Desktop\Revature\p2\Insta-Bytes\backends\user-service\src\middleware\jwt-verify-middleware.ts:9:28)
    at Layer.handle [as handle_request] (C:\Users\Geri Hu\Desktop\Revature\p2\Insta-Bytes\backends\user-service\node_modules\express\lib\router\layer.js:95:5)
    at trim_prefix (C:\Users\Geri Hu\Desktop\Revature\p2\Insta-Bytes\backends\user-service\node_modules\express\lib\router\index.js:317:13)
    at C:\Users\Geri Hu\Desktop\Revature\p2\Insta-Bytes\backends\user-service\node_modules\express\lib\router\index.js:284:7
    at Function.process_params (C:\Users\Geri Hu\Desktop\Revature\p2\Insta-Bytes\backends\user-service\node_modules\express\lib\router\index.js:335:12)
    at next (C:\Users\Geri Hu\Desktop\Revature\p2\Insta-Bytes\backends\user-service\node_modules\express\lib\router\index.js:275:10)
    at corsFilter (C:\Users\Geri Hu\Desktop\Revature\p2\Insta-Bytes\backends\user-service\src\middleware\cors-filter.ts:16:9) {
  expiredAt: 2020-08-01T17:06:18.000Z
}
[2020-08-01T13:08:44.252] [ERROR] error - TokenExpiredError: jwt expired
    at C:\Users\Geri Hu\Desktop\Revature\p2\Insta-Bytes\backends\user-service\node_modules\jsonwebtoken\verify.js:152:21
    at getSecret (C:\Users\Geri Hu\Desktop\Revature\p2\Insta-Bytes\backends\user-service\node_modules\jsonwebtoken\verify.js:90:14)
    at Object.module.exports [as verify] (C:\Users\Geri Hu\Desktop\Revature\p2\Insta-Bytes\backends\user-service\node_modules\jsonwebtoken\verify.js:94:10)
    at exports.JWTVerifyMiddleware (C:\Users\Geri Hu\Desktop\Revature\p2\Insta-Bytes\backends\user-service\src\middleware\jwt-verify-middleware.ts:9:28)
    at Layer.handle [as handle_request] (C:\Users\Geri Hu\Desktop\Revature\p2\Insta-Bytes\backends\user-service\node_modules\express\lib\router\layer.js:95:5)
    at trim_prefix (C:\Users\Geri Hu\Desktop\Revature\p2\Insta-Bytes\backends\user-service\node_modules\express\lib\router\index.js:317:13)
    at C:\Users\Geri Hu\Desktop\Revature\p2\Insta-Bytes\backends\user-service\node_modules\express\lib\router\index.js:284:7
    at Function.process_params (C:\Users\Geri Hu\Desktop\Revature\p2\Insta-Bytes\backends\user-service\node_modules\express\lib\router\index.js:335:12)
    at next (C:\Users\Geri Hu\Desktop\Revature\p2\Insta-Bytes\backends\user-service\node_modules\express\lib\router\index.js:275:10)
    at corsFilter (C:\Users\Geri Hu\Desktop\Revature\p2\Insta-Bytes\backends\user-service\src\middleware\cors-filter.ts:16:9) {
  expiredAt: 2020-08-01T17:06:18.000Z
}
[2020-08-02T19:14:28.740] [ERROR] error - TokenExpiredError: jwt expired
    at C:\Users\inna.reznitchenko\OneDrive - Accenture\Documents\GCP Training\P2\Insta-Bytes\backends\user-service\node_modules\jsonwebtoken\verify.js:152:21
    at getSecret (C:\Users\inna.reznitchenko\OneDrive - Accenture\Documents\GCP Training\P2\Insta-Bytes\backends\user-service\node_modules\jsonwebtoken\verify.js:90:14)
    at Object.module.exports [as verify] (C:\Users\inna.reznitchenko\OneDrive - Accenture\Documents\GCP Training\P2\Insta-Bytes\backends\user-service\node_modules\jsonwebtoken\verify.js:94:10)
    at exports.JWTVerifyMiddleware (C:\Users\inna.reznitchenko\OneDrive - Accenture\Documents\GCP Training\P2\Insta-Bytes\backends\user-service\src\middleware\jwt-verify-middleware.ts:9:28)
    at Layer.handle [as handle_request] (C:\Users\inna.reznitchenko\OneDrive - Accenture\Documents\GCP Training\P2\Insta-Bytes\backends\user-service\node_modules\express\lib\router\layer.js:95:5)
    at trim_prefix (C:\Users\inna.reznitchenko\OneDrive - Accenture\Documents\GCP Training\P2\Insta-Bytes\backends\user-service\node_modules\express\lib\router\index.js:317:13)
    at C:\Users\inna.reznitchenko\OneDrive - Accenture\Documents\GCP Training\P2\Insta-Bytes\backends\user-service\node_modules\express\lib\router\index.js:284:7
    at Function.process_params (C:\Users\inna.reznitchenko\OneDrive - Accenture\Documents\GCP Training\P2\Insta-Bytes\backends\user-service\node_modules\express\lib\router\index.js:335:12)
    at next (C:\Users\inna.reznitchenko\OneDrive - Accenture\Documents\GCP Training\P2\Insta-Bytes\backends\user-service\node_modules\express\lib\router\index.js:275:10)
    at corsFilter (C:\Users\inna.reznitchenko\OneDrive - Accenture\Documents\GCP Training\P2\Insta-Bytes\backends\user-service\src\middleware\cors-filter.ts:16:9) {
  expiredAt: 2020-08-02T22:37:07.000Z
}
[2020-08-02T19:14:38.906] [ERROR] error - TokenExpiredError: jwt expired
    at C:\Users\inna.reznitchenko\OneDrive - Accenture\Documents\GCP Training\P2\Insta-Bytes\backends\user-service\node_modules\jsonwebtoken\verify.js:152:21
    at getSecret (C:\Users\inna.reznitchenko\OneDrive - Accenture\Documents\GCP Training\P2\Insta-Bytes\backends\user-service\node_modules\jsonwebtoken\verify.js:90:14)
    at Object.module.exports [as verify] (C:\Users\inna.reznitchenko\OneDrive - Accenture\Documents\GCP Training\P2\Insta-Bytes\backends\user-service\node_modules\jsonwebtoken\verify.js:94:10)
    at exports.JWTVerifyMiddleware (C:\Users\inna.reznitchenko\OneDrive - Accenture\Documents\GCP Training\P2\Insta-Bytes\backends\user-service\src\middleware\jwt-verify-middleware.ts:9:28)
    at Layer.handle [as handle_request] (C:\Users\inna.reznitchenko\OneDrive - Accenture\Documents\GCP Training\P2\Insta-Bytes\backends\user-service\node_modules\express\lib\router\layer.js:95:5)
    at trim_prefix (C:\Users\inna.reznitchenko\OneDrive - Accenture\Documents\GCP Training\P2\Insta-Bytes\backends\user-service\node_modules\express\lib\router\index.js:317:13)
    at C:\Users\inna.reznitchenko\OneDrive - Accenture\Documents\GCP Training\P2\Insta-Bytes\backends\user-service\node_modules\express\lib\router\index.js:284:7
    at Function.process_params (C:\Users\inna.reznitchenko\OneDrive - Accenture\Documents\GCP Training\P2\Insta-Bytes\backends\user-service\node_modules\express\lib\router\index.js:335:12)
    at next (C:\Users\inna.reznitchenko\OneDrive - Accenture\Documents\GCP Training\P2\Insta-Bytes\backends\user-service\node_modules\express\lib\router\index.js:275:10)
    at corsFilter (C:\Users\inna.reznitchenko\OneDrive - Accenture\Documents\GCP Training\P2\Insta-Bytes\backends\user-service\src\middleware\cors-filter.ts:16:9) {
  expiredAt: 2020-08-02T22:37:07.000Z
}
[2020-08-02T19:14:45.043] [ERROR] error - TokenExpiredError: jwt expired
    at C:\Users\inna.reznitchenko\OneDrive - Accenture\Documents\GCP Training\P2\Insta-Bytes\backends\user-service\node_modules\jsonwebtoken\verify.js:152:21
    at getSecret (C:\Users\inna.reznitchenko\OneDrive - Accenture\Documents\GCP Training\P2\Insta-Bytes\backends\user-service\node_modules\jsonwebtoken\verify.js:90:14)
    at Object.module.exports [as verify] (C:\Users\inna.reznitchenko\OneDrive - Accenture\Documents\GCP Training\P2\Insta-Bytes\backends\user-service\node_modules\jsonwebtoken\verify.js:94:10)
    at exports.JWTVerifyMiddleware (C:\Users\inna.reznitchenko\OneDrive - Accenture\Documents\GCP Training\P2\Insta-Bytes\backends\user-service\src\middleware\jwt-verify-middleware.ts:9:28)
    at Layer.handle [as handle_request] (C:\Users\inna.reznitchenko\OneDrive - Accenture\Documents\GCP Training\P2\Insta-Bytes\backends\user-service\node_modules\express\lib\router\layer.js:95:5)
    at trim_prefix (C:\Users\inna.reznitchenko\OneDrive - Accenture\Documents\GCP Training\P2\Insta-Bytes\backends\user-service\node_modules\express\lib\router\index.js:317:13)
    at C:\Users\inna.reznitchenko\OneDrive - Accenture\Documents\GCP Training\P2\Insta-Bytes\backends\user-service\node_modules\express\lib\router\index.js:284:7
    at Function.process_params (C:\Users\inna.reznitchenko\OneDrive - Accenture\Documents\GCP Training\P2\Insta-Bytes\backends\user-service\node_modules\express\lib\router\index.js:335:12)
    at next (C:\Users\inna.reznitchenko\OneDrive - Accenture\Documents\GCP Training\P2\Insta-Bytes\backends\user-service\node_modules\express\lib\router\index.js:275:10)
    at corsFilter (C:\Users\inna.reznitchenko\OneDrive - Accenture\Documents\GCP Training\P2\Insta-Bytes\backends\user-service\src\middleware\cors-filter.ts:16:9) {
  expiredAt: 2020-08-02T22:37:07.000Z
}
[2020-08-02T19:15:00.989] [ERROR] error - TokenExpiredError: jwt expired
    at C:\Users\inna.reznitchenko\OneDrive - Accenture\Documents\GCP Training\P2\Insta-Bytes\backends\user-service\node_modules\jsonwebtoken\verify.js:152:21
    at getSecret (C:\Users\inna.reznitchenko\OneDrive - Accenture\Documents\GCP Training\P2\Insta-Bytes\backends\user-service\node_modules\jsonwebtoken\verify.js:90:14)
    at Object.module.exports [as verify] (C:\Users\inna.reznitchenko\OneDrive - Accenture\Documents\GCP Training\P2\Insta-Bytes\backends\user-service\node_modules\jsonwebtoken\verify.js:94:10)
    at exports.JWTVerifyMiddleware (C:\Users\inna.reznitchenko\OneDrive - Accenture\Documents\GCP Training\P2\Insta-Bytes\backends\user-service\src\middleware\jwt-verify-middleware.ts:9:28)
    at Layer.handle [as handle_request] (C:\Users\inna.reznitchenko\OneDrive - Accenture\Documents\GCP Training\P2\Insta-Bytes\backends\user-service\node_modules\express\lib\router\layer.js:95:5)
    at trim_prefix (C:\Users\inna.reznitchenko\OneDrive - Accenture\Documents\GCP Training\P2\Insta-Bytes\backends\user-service\node_modules\express\lib\router\index.js:317:13)
    at C:\Users\inna.reznitchenko\OneDrive - Accenture\Documents\GCP Training\P2\Insta-Bytes\backends\user-service\node_modules\express\lib\router\index.js:284:7
    at Function.process_params (C:\Users\inna.reznitchenko\OneDrive - Accenture\Documents\GCP Training\P2\Insta-Bytes\backends\user-service\node_modules\express\lib\router\index.js:335:12)
    at next (C:\Users\inna.reznitchenko\OneDrive - Accenture\Documents\GCP Training\P2\Insta-Bytes\backends\user-service\node_modules\express\lib\router\index.js:275:10)
    at corsFilter (C:\Users\inna.reznitchenko\OneDrive - Accenture\Documents\GCP Training\P2\Insta-Bytes\backends\user-service\src\middleware\cors-filter.ts:16:9) {
  expiredAt: 2020-08-02T22:37:07.000Z
}
[2020-08-03T15:30:35.008] [ERROR] error - Error [ERR_HTTP_HEADERS_SENT]: Cannot set headers after they are sent to the client
    at ServerResponse.setHeader (_http_outgoing.js:518:11)
    at ServerResponse.header (C:\Users\Geri Hu\Desktop\Revature\p2\Insta-Bytes\backends\user-service\node_modules\express\lib\response.js:771:10)
    at ServerResponse.send (C:\Users\Geri Hu\Desktop\Revature\p2\Insta-Bytes\backends\user-service\node_modules\express\lib\response.js:170:12)
    at ServerResponse.json (C:\Users\Geri Hu\Desktop\Revature\p2\Insta-Bytes\backends\user-service\node_modules\express\lib\response.js:267:15)
    at C:\Users\Geri Hu\Desktop\Revature\p2\Insta-Bytes\backends\user-service\src\index.ts:59:21
    at step (C:\Users\Geri Hu\Desktop\Revature\p2\Insta-Bytes\backends\user-service\src\index.ts:33:23)
    at Object.next (C:\Users\Geri Hu\Desktop\Revature\p2\Insta-Bytes\backends\user-service\src\index.ts:14:53)
    at fulfilled (C:\Users\Geri Hu\Desktop\Revature\p2\Insta-Bytes\backends\user-service\src\index.ts:5:58)
    at processTicksAndRejections (internal/process/task_queues.js:97:5) {
  code: 'ERR_HTTP_HEADERS_SENT'
}
[2020-08-04T22:56:23.767] [ERROR] error - Error [ERR_HTTP_HEADERS_SENT]: Cannot set headers after they are sent to the client
    at ServerResponse.setHeader (_http_outgoing.js:518:11)
    at ServerResponse.header (C:\Users\Geri Hu\Desktop\Revature\p2\Insta-Bytes\backends\user-service\node_modules\express\lib\response.js:771:10)
    at ServerResponse.send (C:\Users\Geri Hu\Desktop\Revature\p2\Insta-Bytes\backends\user-service\node_modules\express\lib\response.js:170:12)
    at ServerResponse.json (C:\Users\Geri Hu\Desktop\Revature\p2\Insta-Bytes\backends\user-service\node_modules\express\lib\response.js:267:15)
    at C:\Users\Geri Hu\Desktop\Revature\p2\Insta-Bytes\backends\user-service\src\index.ts:59:21
    at step (C:\Users\Geri Hu\Desktop\Revature\p2\Insta-Bytes\backends\user-service\src\index.ts:33:23)
    at Object.next (C:\Users\Geri Hu\Desktop\Revature\p2\Insta-Bytes\backends\user-service\src\index.ts:14:53)
    at fulfilled (C:\Users\Geri Hu\Desktop\Revature\p2\Insta-Bytes\backends\user-service\src\index.ts:5:58)
    at processTicksAndRejections (internal/process/task_queues.js:97:5) {
  code: 'ERR_HTTP_HEADERS_SENT'
}
[2020-08-05T10:24:51.507] [ERROR] error - Error [ERR_HTTP_HEADERS_SENT]: Cannot set headers after they are sent to the client
    at ServerResponse.setHeader (_http_outgoing.js:518:11)
    at ServerResponse.header (C:\Users\Geri Hu\Desktop\Revature\p2\Insta-Bytes\backends\user-service\node_modules\express\lib\response.js:771:10)
    at ServerResponse.send (C:\Users\Geri Hu\Desktop\Revature\p2\Insta-Bytes\backends\user-service\node_modules\express\lib\response.js:170:12)
    at ServerResponse.json (C:\Users\Geri Hu\Desktop\Revature\p2\Insta-Bytes\backends\user-service\node_modules\express\lib\response.js:267:15)
    at C:\Users\Geri Hu\Desktop\Revature\p2\Insta-Bytes\backends\user-service\src\index.ts:59:21
    at step (C:\Users\Geri Hu\Desktop\Revature\p2\Insta-Bytes\backends\user-service\src\index.ts:33:23)
    at Object.next (C:\Users\Geri Hu\Desktop\Revature\p2\Insta-Bytes\backends\user-service\src\index.ts:14:53)
    at fulfilled (C:\Users\Geri Hu\Desktop\Revature\p2\Insta-Bytes\backends\user-service\src\index.ts:5:58)
    at processTicksAndRejections (internal/process/task_queues.js:97:5) {
  code: 'ERR_HTTP_HEADERS_SENT'
}
[2020-08-05T21:30:53.305] [ERROR] error - Error [ERR_HTTP_HEADERS_SENT]: Cannot set headers after they are sent to the client
    at ServerResponse.setHeader (_http_outgoing.js:518:11)
    at ServerResponse.header (C:\Users\Geri Hu\Desktop\Revature\p2\Insta-Bytes\backends\user-service\node_modules\express\lib\response.js:771:10)
    at ServerResponse.send (C:\Users\Geri Hu\Desktop\Revature\p2\Insta-Bytes\backends\user-service\node_modules\express\lib\response.js:170:12)
    at ServerResponse.json (C:\Users\Geri Hu\Desktop\Revature\p2\Insta-Bytes\backends\user-service\node_modules\express\lib\response.js:267:15)
    at C:\Users\Geri Hu\Desktop\Revature\p2\Insta-Bytes\backends\user-service\src\index.ts:60:21
    at step (C:\Users\Geri Hu\Desktop\Revature\p2\Insta-Bytes\backends\user-service\src\index.ts:33:23)
    at Object.next (C:\Users\Geri Hu\Desktop\Revature\p2\Insta-Bytes\backends\user-service\src\index.ts:14:53)
    at fulfilled (C:\Users\Geri Hu\Desktop\Revature\p2\Insta-Bytes\backends\user-service\src\index.ts:5:58)
    at processTicksAndRejections (internal/process/task_queues.js:97:5) {
  code: 'ERR_HTTP_HEADERS_SENT'
}
